T1	Pronominal	Pronominal
T2	uniq_Larger_situation	uniq_Larger_situation
T3	Pleonastic	Pronominal
T4	nonuniq_Physical_copresence	Generic_individualLevel
T5	Bridging_restrictiveModifier	Bridging_restrictiveModifier
T6	Bridging_restrictiveModifier	Bridging_restrictiveModifier
T7	Pronominal	Pronominal
T8	Pronominal	Pronominal
T9	nonuniq_Physical_copresence	nonuniq_Physical_copresence
T10	Pronominal	Pronominal
T11	Pronominal	Pronominal
T12	Quantified	Quantified
T13	nonuniq_Larger_situation	nonuniq_Larger_situation
T14	Pronominal	Pronominal
T15	Quantified	Quantified
T16	Bridging_restrictiveModifier	Bridging_restrictiveModifier
T17	Pronominal	Pronominal
T18	Pronominal	Pronominal
T19	Pronominal	Pronominal
T20	Pronominal	Pronominal
T21	Pronominal	nonuniq_generic_nonspec
T22	Pronominal	Pronominal
T23	Bridging_restrictiveModifier	Bridging_restrictiveModifier
T24	Pronominal	Pronominal
T25	uniq_Larger_situation	uniq_Larger_situation
T26	Measure_Nonreferential	Measure_Nonreferential
T27	Pronominal	Pronominal
T28	Pronominal	Pronominal
T29	Bridging_restrictiveModifier	Bridging_restrictiveModifier
T30	Generic_individualLevel	Measure_Nonreferential
T31	Pronominal	Pronominal
T32	Pronominal	Pronominal
T33	nonuniq_Hearer_new_spec	Same_head
T34	Pronominal	Pronominal
T35	Pronominal	Pronominal
T36	Quantified	Quantified
T37	Pleonastic	Pronominal
T38	Same_head	Predicative_Nonidentity
T39	Pronominal	Pronominal
T40	Quantified	Quantified
T41	uniq_Larger_situation	uniq_Larger_situation
T42	Pronominal	Pronominal
T43	uniq_Larger_situation	Pronominal
T44	Pronominal	Pronominal
T45	Pronominal	Pronominal
T46	Bridging_restrictiveModifier	Bridging_restrictiveModifier
T47	uniq_Larger_situation	uniq_Larger_situation
T48	Bridging_restrictiveModifier	Bridging_restrictiveModifier
T49	Pronominal	Pronominal
T50	Same_head	uniq_Larger_situation
T51	Measure_Nonreferential	Measure_Nonreferential
T52	Pronominal	Pronominal
T53	Pronominal	Pronominal
T54	Pronominal	Pronominal
T55	Predicative_Nonidentity	nonuniq_generic_nonspec
T56	Pronominal	Pronominal
T57	Pronominal	Pronominal
T58	Bridging_event	nonuniq_Physical_copresence
T59	Pleonastic	Pronominal
T60	Pronominal	Pronominal
T61	Pleonastic	Pronominal
T62	Quantified	uniq_Larger_situation
T63	Pronominal	Pronominal
T64	Other_Nonreferential	Predicative_Nonidentity
T65	Pronominal	Pronominal
T66	nonuniq_Hearer_new_spec	uniq_Larger_situation
T67	Pleonastic	Pronominal
T68	nonuniq_Hearer_new_spec	Predicative_Nonidentity
T69	Pronominal	Pronominal
T70	Bridging_restrictiveModifier	nonuniq_Hearer_new_spec
T71	Pronominal	Pronominal
T72	uniq_Larger_situation	Other_Nonreferential
T73	Pronominal	Pronominal
T74	uniq_Larger_situation	uniq_Larger_situation
T75	Bridging_restrictiveModifier	Bridging_restrictiveModifier
T76	Pronominal	Pronominal
T77	Same_head	Same_head
T78	uniq_Hearer_new	nonuniq_Hearer_new_spec
T79	nonuniq_Hearer_new_spec	Bridging_restrictiveModifier
T80	Different_head	nonuniq_Physical_copresence
T81	Quantified	Pronominal
T82	Pronominal	Pronominal
T83	Pronominal	Pronominal
T84	Bridging_restrictiveModifier	Bridging_restrictiveModifier
T85	Pronominal	Pronominal
T86	Bridging_nominal	Same_head
T87	Bridging_nominal	Same_head
T88	Same_head	uniq_Larger_situation
T89	Bridging_restrictiveModifier	Bridging_restrictiveModifier
T90	Pronominal	Pronominal
T91	Pronominal	Pronominal
T92	Bridging_restrictiveModifier	Bridging_restrictiveModifier
T93	Pronominal	Pronominal
T94	Bridging_restrictiveModifier	Bridging_restrictiveModifier
T95	Bridging_restrictiveModifier	Bridging_restrictiveModifier
T96	Pronominal	Pronominal
T97	Pronominal	Pronominal
T98	Bridging_restrictiveModifier	Bridging_restrictiveModifier
T99	Pronominal	Pronominal
T100	Pronominal	Pronominal
T101	Quantified	Quantified
T102	Pronominal	Pronominal
T103	Pronominal	Pronominal
T104	uniq_Larger_situation	uniq_Larger_situation
T105	uniq_predicative_identity	uniq_Larger_situation
T106	Pronominal	Pronominal
T107	nonuniq_Physical_copresence	nonuniq_Hearer_new_spec
T108	Bridging_restrictiveModifier	uniq_Larger_situation
T109	Bridging_nominal	Same_head
T110	Pronominal	Pronominal
T111	Other_Nonreferential	nonuniq_generic_nonspec
T112	Pronominal	Pronominal
T113	nonuniq_Hearer_new_spec	nonuniq_generic_nonspec
T114	nonuniq_Hearer_new_spec	nonuniq_generic_nonspec
T115	Bridging_event	nonuniq_Larger_situation
T116	Same_head	nonuniq_Hearer_new_spec
T117	Pronominal	Pronominal
T118	nonuniq_Hearer_new_spec	uniq_Larger_situation
T119	uniq_Larger_situation	uniq_Larger_situation
T120	Part_of_noncompositionalMWE	nonuniq_Hearer_new_spec
T121	uniq_Larger_situation	uniq_Larger_situation
T122	uniq_Larger_situation	uniq_Larger_situation
T123	Bridging_restrictiveModifier	uniq_Larger_situation
T124	Other_Nonreferential	Other_Nonreferential
T125	nonuniq_Hearer_new_spec	Bridging_restrictiveModifier
T126	Pronominal	Pronominal
T127	Same_head	Same_head
T128	Pronominal	Pronominal
T129	Quantified	Quantified
T130	Bridging_OtherContext	Pronominal
T131	Same_head	Same_head
T132	Bridging_restrictiveModifier	Bridging_restrictiveModifier
T133	Pronominal	Pronominal
T134	Pronominal	Pronominal
T135	Pronominal	Pronominal
T136	Pronominal	Pronominal
T137	Pronominal	Pronominal
T138	Bridging_restrictiveModifier	Bridging_restrictiveModifier
T139	Same_head	Same_head
T140	Pronominal	Pronominal
T141	Pronominal	Pronominal
T142	Same_head	uniq_Hearer_new
T143	Same_head	nonuniq_Hearer_new_spec
T144	Quantified	Quantified
T145	Same_head	Same_head
T146	Pronominal	Pronominal
T147	Pronominal	Pronominal
T148	Pronominal	Pronominal
T149	Bridging_restrictiveModifier	Bridging_restrictiveModifier
T150	nonuniq_Hearer_new_spec	Bridging_nominal
T151	nonuniq_Larger_situation	Other_Nonreferential
T152	Pronominal	Pronominal
T153	Bridging_nominal	Same_head
T154	Pronominal	Pronominal
T155	uniq_Larger_situation	nonuniq_Larger_situation
T156	Bridging_nominal	Same_head
T157	Bridging_restrictiveModifier	Bridging_restrictiveModifier
T158	Pronominal	Pronominal
T159	Pronominal	Pronominal
T160	Bridging_nominal	Same_head
T161	Pronominal	Pronominal
T162	Part_of_noncompositionalMWE	nonuniq_Physical_copresence
T163	Pronominal	Pronominal
T164	Bridging_nominal	Same_head
T165	nonuniq_Hearer_new_spec	Bridging_restrictiveModifier
T166	Pronominal	Pronominal
T167	Other_Nonreferential	Other_Nonreferential
T168	nonuniq_Hearer_new_spec	Bridging_restrictiveModifier
T169	Pronominal	Pronominal
T170	uniq_Larger_situation	uniq_Larger_situation
T171	Same_head	Same_head
T172	Pronominal	Pronominal
T173	Pronominal	Pronominal
T174	Same_head	Same_head
T175	Same_head	Bridging_restrictiveModifier
T176	uniq_Larger_situation	uniq_Larger_situation
T177	Bridging_restrictiveModifier	Bridging_restrictiveModifier
T178	uniq_Larger_situation	nonuniq_Larger_situation
T179	Same_head	uniq_Larger_situation
T180	Pronominal	Pronominal
T181	Pleonastic	Pronominal
T182	nonuniq_Hearer_new_spec	Same_head
T183	Measure_Nonreferential	Same_head
T184	Pleonastic	Pronominal
T185	Pronominal	Pronominal
T186	Bridging_restrictiveModifier	Bridging_restrictiveModifier
T187	uniq_Larger_situation	Same_head
T188	Bridging_restrictiveModifier	Bridging_restrictiveModifier
T189	nonuniq_Hearer_new_spec	Quantified
T190	Pronominal	Pronominal
T191	Bridging_restrictiveModifier	Bridging_restrictiveModifier
T192	nonuniq_Hearer_new_spec	Bridging_restrictiveModifier
T193	Pronominal	Pronominal
T194	uniq_Larger_situation	Bridging_restrictiveModifier
T195	Bridging_restrictiveModifier	Bridging_restrictiveModifier
T196	Pronominal	Pronominal
T197	uniq_Larger_situation	uniq_Larger_situation
T198	Pronominal	Pronominal
T199	Same_head	Same_head
T200	uniq_Larger_situation	Bridging_restrictiveModifier
T201	uniq_Larger_situation	uniq_Larger_situation
T202	Pronominal	Pronominal
T203	Bridging_restrictiveModifier	Bridging_restrictiveModifier
T204	Pronominal	Pronominal
T205	nonuniq_generic_nonspec	nonuniq_generic_nonspec
T206	uniq_Hearer_new	uniq_Larger_situation
T207	Pronominal	Pronominal
T208	Pronominal	Pleonastic
T209	Pronominal	Pronominal
T210	Pronominal	Pronominal
T211	Bridging_restrictiveModifier	Same_head
T212	uniq_Larger_situation	uniq_Larger_situation
T213	uniq_Larger_situation	uniq_Larger_situation
T214	Pronominal	Pronominal
T215	nonuniq_Hearer_new_spec	Quantified
T216	Pronominal	Pronominal
T217	Bridging_nominal	nonuniq_generic_nonspec
T218	Bridging_restrictiveModifier	Bridging_restrictiveModifier
T219	Same_head	uniq_Larger_situation
T220	nonuniq_generic_nonspec	nonuniq_generic_nonspec
T221	nonuniq_generic_nonspec	nonuniq_Hearer_new_spec
T222	Measure_Nonreferential	Measure_Nonreferential
T223	Pronominal	Pronominal
T224	Pronominal	Pronominal
T225	uniq_Larger_situation	uniq_Larger_situation
T226	Bridging_restrictiveModifier	Bridging_restrictiveModifier
T227	nonuniq_Larger_situation	uniq_Larger_situation
T228	uniq_Larger_situation	uniq_Larger_situation
T229	Pronominal	Pronominal
T230	Pronominal	Pronominal
T231	Other_Nonreferential	Other_Nonreferential
T232	Bridging_restrictiveModifier	Bridging_restrictiveModifier
T233	Pronominal	Pronominal
T234	Other_Nonreferential	nonuniq_Hearer_new_spec
T235	Pronominal	Pronominal
T236	Pronominal	Pronominal
T237	uniq_Physical_copresence	uniq_Larger_situation
T238	Bridging_restrictiveModifier	Bridging_restrictiveModifier
T239	Pronominal	Pronominal
T240	Pronominal	Pronominal
T241	nonuniq_generic_nonspec	nonuniq_Larger_situation
T242	Pronominal	Pronominal
T243	Pleonastic	Pleonastic
T244	Predicative_Nonidentity	Predicative_Nonidentity
T245	Quantified	Quantified
T246	Pronominal	Pronominal
T247	Quantified	Quantified
T248	Pronominal	Pronominal
T249	Pronominal	Pronominal
T250	Quantified	Quantified
T251	Pronominal	Pronominal
T252	Bridging_OtherContext	nonuniq_Larger_situation
T253	Pronominal	Pronominal
T254	Pronominal	Pronominal
T255	nonuniq_Hearer_new_spec	nonuniq_generic_nonspec
T256	Pronominal	Pronominal
T257	nonuniq_Hearer_new_spec	Same_head
T258	nonuniq_Physical_copresence	nonuniq_Physical_copresence
T259	Pronominal	Pronominal
T260	Same_head	Same_head
T261	Pronominal	Pronominal
T262	Pronominal	Pronominal
T263	Pronominal	Pronominal
T264	nonuniq_generic_nonspec	Same_head
T265	Pronominal	Pronominal
T266	Pronominal	Pronominal
T267	Measure_Nonreferential	Bridging_restrictiveModifier
T268	Pronominal	Pronominal
T269	Pronominal	Pronominal
T270	Quantified	Quantified
T271	Pleonastic	Pronominal
T272	Other_Nonreferential	Other_Nonreferential
T273	Pronominal	Pronominal
T274	Bridging_nominal	Same_head
T275	Quantified	Bridging_restrictiveModifier
T276	Pronominal	Pronominal
T277	nonuniq_generic_nonspec	Quantified
T278	nonuniq_Larger_situation	Measure_Nonreferential
T279	Pronominal	Pronominal
T280	nonuniq_Larger_situation	uniq_Larger_situation
T281	Bridging_restrictiveModifier	Bridging_restrictiveModifier
T282	Pronominal	Pronominal
T283	uniq_Larger_situation	Bridging_restrictiveModifier
T284	Same_head	Same_head
T285	Bridging_restrictiveModifier	Bridging_restrictiveModifier
T286	Measure_Nonreferential	Measure_Nonreferential
T287	nonuniq_Larger_situation	nonuniq_Physical_copresence
T288	Measure_Nonreferential	Measure_Nonreferential
T289	Pronominal	Pronominal
T290	Pronominal	Pronominal
T291	Bridging_nominal	Same_head
T292	Bridging_restrictiveModifier	Bridging_restrictiveModifier
T293	Pronominal	Pronominal
T294	Pronominal	Pronominal
T295	nonuniq_Physical_copresence	Same_head
T296	Pronominal	Pronominal
T297	Quantified	Quantified
T298	Pronominal	Pronominal
T299	Bridging_restrictiveModifier	Bridging_restrictiveModifier
T300	Pronominal	Pronominal
T301	Pronominal	Pronominal
T302	Measure_Nonreferential	nonuniq_Hearer_new_spec
T303	Pronominal	Pronominal
T304	Pronominal	Pronominal
T305	Bridging_nominal	Part_of_noncompositionalMWE
T306	Bridging_restrictiveModifier	Bridging_restrictiveModifier
T307	Part_of_noncompositionalMWE	Other_Nonreferential
T308	Other_Nonreferential	nonuniq_Physical_copresence
T309	uniq_Larger_situation	nonuniq_Physical_copresence
T310	Bridging_restrictiveModifier	Other_Nonreferential
T311	Bridging_restrictiveModifier	Bridging_restrictiveModifier
T312	nonunique_predicative	Predicative_Nonidentity
T313	Same_head	Other_Nonreferential
T314	Other_Nonreferential	Pronominal
T315	Pleonastic	Pronominal
T316	Predicative_Nonidentity	Other_Nonreferential
T317	Pleonastic	Pronominal
T318	Predicative_Nonidentity	Predicative_Nonidentity
T319	nonuniq_Physical_copresence	Bridging_nominal
T320	Pronominal	Pronominal
T321	Pronominal	Pronominal
T322	Pronominal	Pronominal
T323	Pronominal	Pronominal
T324	Bridging_restrictiveModifier	Bridging_restrictiveModifier
T325	Pronominal	Pronominal
T326	Pronominal	Pronominal
T327	Bridging_restrictiveModifier	Bridging_restrictiveModifier
T328	uniq_Larger_situation	uniq_Larger_situation
T329	uniq_Larger_situation	uniq_Larger_situation
T330	Pronominal	Pronominal
T331	Pronominal	Pronominal
T332	Same_head	Bridging_nominal
T333	Pronominal	Pronominal
T334	Pronominal	Pronominal
T335	Pronominal	Pronominal
T336	Part_of_noncompositionalMWE	Other_Nonreferential
T337	Pronominal	Pleonastic
T338	Other_Nonreferential	Other_Nonreferential
T339	Predicative_Nonidentity	Bridging_restrictiveModifier
T340	Pronominal	Pronominal
T341	Generic_individualLevel	Pronominal
T342	Same_head	Same_head
T343	Same_head	uniq_Hearer_new
T344	Bridging_restrictiveModifier	Bridging_restrictiveModifier
T345	Same_head	Same_head
T346	Part_of_noncompositionalMWE	Part_of_noncompositionalMWE
T347	Pronominal	Pronominal
T348	uniq_Larger_situation	Same_head
T349	uniq_Larger_situation	Bridging_restrictiveModifier
T350	Pronominal	Pronominal
T351	Pronominal	Pronominal
T352	Pronominal	Pronominal
T353	Part_of_noncompositionalMWE	Same_head
T354	Other_Nonreferential	Bridging_restrictiveModifier
T355	nonuniq_Physical_copresence	nonuniq_Physical_copresence
T356	Other_Nonreferential	Other_Nonreferential
T357	Bridging_restrictiveModifier	Pronominal
T358	Same_head	nonuniq_Physical_copresence
T359	Bridging_restrictiveModifier	Bridging_restrictiveModifier
T360	Bridging_restrictiveModifier	Bridging_restrictiveModifier
T361	nonuniq_Physical_copresence	nonuniq_Larger_situation
T362	uniq_Physical_copresence	Same_head
T363	uniq_Physical_copresence	uniq_Larger_situation
T364	nonuniq_Hearer_new_spec	nonuniq_Larger_situation
T365	Pronominal	Pronominal
T366	Quantified	Quantified
T367	Pronominal	Pronominal
T368	Bridging_restrictiveModifier	Bridging_restrictiveModifier
T369	Quantified	Bridging_restrictiveModifier
T370	nonuniq_Physical_copresence	nonuniq_Physical_copresence
T371	nonuniq_Physical_copresence	nonuniq_Larger_situation
T372	Pronominal	Pronominal
T373	uniq_Hearer_new	uniq_Larger_situation
T374	Pronominal	Quantified
T375	uniq_Physical_copresence	Pronominal
T376	Pronominal	Pronominal
T377	Pronominal	Pronominal
T378	Generic_individualLevel	Pronominal
T379	Pronominal	Pronominal
T380	Bridging_restrictiveModifier	Bridging_restrictiveModifier
T381	Bridging_restrictiveModifier	Bridging_restrictiveModifier
T382	Quantified	Quantified
T383	Pronominal	Pronominal
T384	Pronominal	Pronominal
T385	Bridging_restrictiveModifier	Bridging_restrictiveModifier
T386	Bridging_restrictiveModifier	Bridging_restrictiveModifier
T387	nonuniq_Physical_copresence	nonuniq_Hearer_new_spec
T388	Quantified	Quantified
T389	nonuniq_Physical_copresence	nonuniq_Physical_copresence
T390	nonuniq_Physical_copresence	nonuniq_Larger_situation
T391	nonuniq_Physical_copresence	nonuniq_Physical_copresence
T392	Pronominal	Pronominal
T393	Pronominal	Pronominal
T394	Same_head	nonuniq_Hearer_new_spec
T395	nonuniq_Physical_copresence	nonuniq_generic_nonspec
T396	nonuniq_Physical_copresence	nonuniq_Physical_copresence
T397	Pronominal	Pronominal
T398	Bridging_restrictiveModifier	Bridging_restrictiveModifier
T399	Quantified	Bridging_restrictiveModifier
T400	Pleonastic	Pronominal
T401	nonuniq_Physical_copresence	nonuniq_Physical_copresence
T402	Pronominal	Pronominal
T403	Generic_individualLevel	Generic_individualLevel
T404	Pronominal	Pronominal
T405	Quantified	Bridging_restrictiveModifier
T406	Pronominal	Pronominal
T407	nonuniq_generic_nonspec	Same_head
T408	nonuniq_generic_nonspec	Same_head
T409	Same_head	nonuniq_Larger_situation
T410	Bridging_restrictiveModifier	Bridging_restrictiveModifier
T411	Pronominal	Pronominal
T412	nonuniq_generic_nonspec	nonuniq_generic_nonspec
T413	Bridging_restrictiveModifier	Bridging_restrictiveModifier
T414	Pronominal	Pronominal
T415	Pronominal	Pronominal
T416	Other_Nonreferential	Pronominal
T417	Bridging_restrictiveModifier	Quantified
T418	Pronominal	Pronominal
T419	Pronominal	Pronominal
T420	Pronominal	Pronominal
T421	Quantified	nonuniq_Larger_situation
T422	Bridging_restrictiveModifier	Bridging_restrictiveModifier
T423	Bridging_restrictiveModifier	Bridging_restrictiveModifier
T424	Pronominal	Pronominal
T425	Pronominal	Pronominal
T426	Pronominal	Pronominal
T427	Pronominal	Pronominal
T428	Quantified	Quantified
T429	Same_head	Same_head
T430	Pronominal	Pronominal
T431	Pronominal	Pronominal
T432	Pronominal	Pronominal
T433	Same_head	Bridging_restrictiveModifier
T434	Pronominal	Pronominal
T435	Pronominal	Pronominal
T436	Bridging_restrictiveModifier	Bridging_restrictiveModifier
T437	Bridging_restrictiveModifier	Bridging_restrictiveModifier
T438	Pronominal	Pronominal
T439	Pronominal	Pronominal
T440	Bridging_restrictiveModifier	Bridging_restrictiveModifier
T441	Bridging_restrictiveModifier	Bridging_restrictiveModifier
T442	Quantified	Quantified
T443	Pronominal	Pronominal
T444	uniq_Physical_copresence	Other_Nonreferential
T445	nonuniq_Physical_copresence	Predicative_Nonidentity
T446	nonuniq_Hearer_new_spec	nonuniq_Physical_copresence
T447	Pronominal	Pronominal
T448	Bridging_restrictiveModifier	Bridging_restrictiveModifier
T449	uniq_Larger_situation	Bridging_nominal
T450	nonuniq_Physical_copresence	Same_head
T451	Bridging_restrictiveModifier	Bridging_restrictiveModifier
T452	Bridging_restrictiveModifier	Bridging_restrictiveModifier
T453	nonuniq_generic_nonspec	nonuniq_generic_nonspec
T454	Pronominal	Pronominal
T455	Quantified	Quantified
T456	Pronominal	Pronominal
T457	Same_head	Bridging_restrictiveModifier
T458	Pronominal	Pronominal
T459	nonuniq_generic_nonspec	Generic_individualLevel
T460	nonuniq_Larger_situation	Bridging_nominal
T461	nonuniq_Larger_situation	uniq_Larger_situation
T462	Bridging_restrictiveModifier	Bridging_restrictiveModifier
T463	Pronominal	Pronominal
T464	uniq_Hearer_new	Pronominal
T465	Pronominal	Pronominal
T466	Same_head	nonuniq_generic_nonspec
T467	Different_head	nonuniq_Hearer_new_spec
T468	Pronominal	Pronominal
T469	Bridging_restrictiveModifier	Bridging_restrictiveModifier
T470	Pronominal	Pronominal
T471	Quantified	Quantified
T472	Pronominal	Pronominal
T473	Pronominal	Pronominal
T474	Pronominal	Pronominal
T475	Bridging_nominal	Same_head
T476	Pronominal	Pronominal
T477	Bridging_restrictiveModifier	Bridging_restrictiveModifier
T478	Quantified	Bridging_restrictiveModifier
T479	Pronominal	Pronominal
T480	nonuniq_Larger_situation	Bridging_restrictiveModifier
T481	uniq_Larger_situation	uniq_Larger_situation
T482	Pronominal	Pronominal
T483	Pronominal	Pronominal
T484	Other_Nonreferential	nonuniq_generic_nonspec
T485	Pronominal	Pronominal
T486	Pronominal	Pronominal
T487	Pronominal	Pronominal
T488	Bridging_restrictiveModifier	Bridging_restrictiveModifier
T489	Bridging_restrictiveModifier	Bridging_restrictiveModifier
T490	Generic_individualLevel	nonuniq_generic_nonspec
T491	Other_Nonreferential	Other_Nonreferential
T492	Generic_individualLevel	Pronominal
T493	Quantified	Quantified
T494	Pronominal	Pronominal
T495	Pronominal	Pronominal
T496	Pronominal	Pronominal
T497	Pronominal	Pronominal
T498	Pronominal	Pronominal
T499	Pronominal	Pronominal
T500	Bridging_restrictiveModifier	Bridging_restrictiveModifier
T501	Bridging_event	nonuniq_Larger_situation
T502	Pronominal	Pronominal
T503	nonuniq_generic_nonspec	Generic_individualLevel
T504	Measure_Nonreferential	nonuniq_Physical_copresence
T505	Pronominal	Pronominal
T506	Other_Nonreferential	Other_Nonreferential
T507	nonuniq_generic_nonspec	nonuniq_Hearer_new_spec
T508	nonuniq_generic_nonspec	Generic_individualLevel
T509	Pronominal	Pronominal
T510	Pronominal	Pronominal
T511	Same_head	nonuniq_Physical_copresence
T512	Same_head	Bridging_nominal
T513	Pronominal	Pronominal
T514	Measure_Nonreferential	Measure_Nonreferential
T515	Bridging_restrictiveModifier	Bridging_restrictiveModifier
T516	Bridging_restrictiveModifier	Bridging_restrictiveModifier
T517	Pronominal	Pronominal
T518	Pronominal	Pronominal
T519	Same_head	uniq_Larger_situation
T520	Pronominal	Pronominal
T521	Quantified	Quantified
T522	nonuniq_generic_nonspec	Pronominal
T523	Quantified	Quantified
T524	Pronominal	Pronominal
T525	Bridging_restrictiveModifier	Bridging_restrictiveModifier
T526	nonuniq_generic_nonspec	Other_Nonreferential
T527	uniq_Larger_situation	Same_head
T528	Pronominal	Pronominal
T529	nonuniq_generic_nonspec	nonuniq_Hearer_new_spec
T530	Same_head	Same_head
T531	nonuniq_Hearer_new_spec	nonuniq_Larger_situation
T532	Quantified	Bridging_restrictiveModifier
T533	nonuniq_generic_nonspec	nonuniq_Hearer_new_spec
T534	Pleonastic	Pronominal
T535	Same_head	Predicative_Nonidentity
T536	Pleonastic	Pronominal
T537	Quantified	Quantified
T538	Pronominal	Pronominal
T539	Pleonastic	Pronominal
T540	Pronominal	Pronominal
T541	Pronominal	Pronominal
T542	nonuniq_Hearer_new_spec	nonuniq_generic_nonspec
T543	nonuniq_Larger_situation	nonuniq_Hearer_new_spec
T544	Pronominal	Pronominal
T545	nonuniq_Hearer_new_spec	nonuniq_generic_nonspec
T546	Pronominal	Pronominal
T547	Bridging_restrictiveModifier	Bridging_restrictiveModifier
T548	Measure_Nonreferential	Bridging_restrictiveModifier
T549	nonuniq_Larger_situation	Bridging_nominal
T550	Bridging_restrictiveModifier	Bridging_restrictiveModifier
T551	Pronominal	Pronominal
T552	Same_head	Bridging_nominal
T553	Pronominal	Pronominal
T554	Quantified	Quantified
T555	Quantified	nonuniq_Larger_situation
T556	Pronominal	Pronominal
T557	Part_of_noncompositionalMWE	nonuniq_Larger_situation
T558	uniq_Larger_situation	uniq_Larger_situation
T559	Pronominal	Pronominal
T560	Different_head	Generic_individualLevel
T561	nonuniq_Hearer_new_spec	uniq_Larger_situation
T562	nonuniq_Hearer_new_spec	uniq_Larger_situation
T563	Generic_individualLevel	Quantified
T564	Pronominal	Pronominal
T565	Pronominal	Pronominal
T566	Pronominal	Pronominal
T567	Bridging_restrictiveModifier	Bridging_restrictiveModifier
T568	nonuniq_generic_nonspec	Other_Nonreferential
T569	Pronominal	Pronominal
T570	Part_of_noncompositionalMWE	Bridging_restrictiveModifier
T571	Other_Nonreferential	Pronominal
T572	Bridging_restrictiveModifier	Bridging_restrictiveModifier
T573	Pronominal	Pronominal
T574	Pronominal	Pronominal
T575	Predicative_Nonidentity	Pronominal
T576	Pronominal	Pronominal
T577	Pronominal	Pronominal
T578	Predicative_Nonidentity	Predicative_Nonidentity
T579	Pronominal	Pronominal
T580	Generic_individualLevel	Pronominal
T581	Pronominal	Pronominal
T582	nonunique_predicative	nonuniq_generic_nonspec
T583	Pronominal	Pronominal
T584	nonuniq_Physical_copresence	nonuniq_Physical_copresence
T585	Pronominal	Pleonastic
T586	Pronominal	Pronominal
T587	Bridging_restrictiveModifier	Bridging_restrictiveModifier
T588	Pronominal	Pronominal
T589	Bridging_restrictiveModifier	Bridging_restrictiveModifier
T590	Same_head	Same_head
T591	Same_head	Other_Nonreferential
T592	Bridging_restrictiveModifier	Bridging_restrictiveModifier
T593	Pronominal	Pronominal
T594	uniq_Larger_situation	uniq_Larger_situation
T595	nonuniq_Larger_situation	nonuniq_Physical_copresence
T596	Pronominal	Pronominal
T597	Predicative_Nonidentity	nonuniq_generic_nonspec
T598	Pronominal	Pronominal
T599	Same_head	Same_head
T600	Bridging_restrictiveModifier	Other_Nonreferential
T601	Quantified	Other_Nonreferential
T602	Pronominal	Pronominal
T603	Part_of_noncompositionalMWE	nonuniq_generic_nonspec
T604	nonuniq_generic_nonspec	Bridging_restrictiveModifier
T605	Quantified	nonuniq_generic_nonspec
T606	nonuniq_generic_nonspec	nonuniq_generic_nonspec
T607	Part_of_noncompositionalMWE	nonuniq_generic_nonspec
T608	Same_head	Bridging_restrictiveModifier
T609	Pronominal	Pronominal
T610	Same_head	Same_head
T611	Pronominal	Pronominal
T612	nonuniq_generic_nonspec	nonuniq_generic_nonspec
T613	Pronominal	Pronominal
T614	Pronominal	Pronominal
T615	Bridging_restrictiveModifier	Bridging_restrictiveModifier
T616	nonuniq_generic_nonspec	nonuniq_generic_nonspec
T617	Pronominal	Pronominal
T618	Bridging_restrictiveModifier	Bridging_restrictiveModifier
T619	nonuniq_Larger_situation	nonuniq_Physical_copresence
T620	Different_head	nonuniq_Physical_copresence
T621	Pronominal	Pronominal
T622	Pronominal	Pronominal
T623	Pronominal	Pronominal
T624	nonuniq_Larger_situation	nonuniq_Physical_copresence
T625	Bridging_restrictiveModifier	Bridging_restrictiveModifier
T626	Pronominal	Pronominal
T627	nonuniq_Larger_situation	Same_head
T628	Bridging_restrictiveModifier	Same_head
T629	Generic_individualLevel	nonuniq_Physical_copresence
T630	Quantified	Quantified
T631	Bridging_restrictiveModifier	Bridging_restrictiveModifier
T632	Pronominal	Pronominal
T633	Bridging_restrictiveModifier	Bridging_restrictiveModifier
T634	uniq_Larger_situation	uniq_Larger_situation
T635	Pronominal	Pronominal
T636	Bridging_restrictiveModifier	Bridging_restrictiveModifier
T637	Other_Nonreferential	Other_Nonreferential
T638	Other_Nonreferential	Pronominal
T639	Pronominal	Pronominal
T640	Bridging_restrictiveModifier	Bridging_restrictiveModifier
T641	Pronominal	Pleonastic
T642	nonuniq_Larger_situation	Same_head
T643	Bridging_restrictiveModifier	Predicative_Nonidentity
T644	Pronominal	Pronominal
T645	Same_head	Same_head
T646	Quantified	Bridging_restrictiveModifier
T647	Same_head	Bridging_nominal
T648	Pronominal	Pronominal
T649	Quantified	Quantified
T650	Pronominal	Pronominal
T651	uniq_Larger_situation	Same_head
T652	uniq_Hearer_new	Same_head
T653	Pronominal	Pronominal
T654	Pronominal	Pronominal
T655	Same_head	Pronominal
T656	Bridging_restrictiveModifier	Quantified
T657	Pronominal	Pronominal
T658	Pronominal	Pronominal
T659	Bridging_restrictiveModifier	Bridging_restrictiveModifier
T660	Pronominal	Pronominal
T661	nonuniq_Hearer_new_spec	Pronominal
T662	Pronominal	Pronominal
T663	Bridging_restrictiveModifier	Bridging_restrictiveModifier
T664	nonuniq_Hearer_new_spec	nonuniq_Hearer_new_spec
T665	Pronominal	Pronominal
T666	nonuniq_generic_nonspec	nonuniq_generic_nonspec
T667	nonuniq_generic_nonspec	nonuniq_generic_nonspec
T668	Bridging_restrictiveModifier	Bridging_restrictiveModifier
T669	Predicative_Nonidentity	Predicative_Nonidentity
T670	Pronominal	Pronominal
T671	Pronominal	Pronominal
T672	nonuniq_Larger_situation	Same_head
T673	Pronominal	Pronominal
T674	Pronominal	Pronominal
T675	Predicative_Nonidentity	Same_head
T676	Same_head	Pronominal
T677	Pronominal	Pronominal
T678	Pronominal	Pronominal
T679	Measure_Nonreferential	Pronominal
T680	Pronominal	Pronominal
T681	Pronominal	Pronominal
T682	nonunique_predicative	Pronominal
T683	Quantified	Bridging_restrictiveModifier
T684	Pronominal	Pronominal
T685	Predicative_Nonidentity	Same_head
T686	Pronominal	Pronominal
T687	Pronominal	Pronominal
T688	Bridging_restrictiveModifier	Bridging_restrictiveModifier
T689	Measure_Nonreferential	nonuniq_generic_nonspec
T690	Pronominal	Pronominal
T691	Pronominal	Pronominal
T692	Predicative_Nonidentity	nonuniq_Hearer_new_spec
T693	Pronominal	Pronominal
T694	Pronominal	Pronominal
T695	Pronominal	Pronominal
T696	Pronominal	Pronominal
T697	Quantified	Bridging_restrictiveModifier
T698	nonuniq_Hearer_new_spec	nonuniq_generic_nonspec
T699	Quantified	nonuniq_Physical_copresence
T700	uniq_Larger_situation	uniq_Larger_situation
T701	Pronominal	Pronominal
