T1	Generic_individualLevel	Same_head
T2	Pronominal	Pronominal
T3	uniq_Larger_situation	Same_head
T4	Bridging_restrictiveModifier	Bridging_restrictiveModifier
T5	Pronominal	Pronominal
T6	Bridging_restrictiveModifier	Bridging_restrictiveModifier
T7	Same_head	Bridging_restrictiveModifier
T8	nonuniq_Larger_situation	Same_head
T9	Same_head	Same_head
T10	Quantified	nonuniq_Larger_situation
T11	nonuniq_Larger_situation	Pronominal
T12	nonuniq_Physical_copresence	nonuniq_Hearer_new_spec
T13	Same_head	Same_head
T14	uniq_Larger_situation	uniq_Larger_situation
T15	Same_head	Generic_individualLevel
T16	uniq_Larger_situation	nonuniq_Larger_situation
T17	nonuniq_Larger_situation	uniq_Larger_situation
T18	Other_Nonreferential	uniq_Larger_situation
T19	nonuniq_Hearer_new_spec	Generic_individualLevel
T20	uniq_Larger_situation	nonuniq_Hearer_new_spec
T21	Generic_individualLevel	Same_head
T22	Generic_individualLevel	Bridging_restrictiveModifier
T23	Measure_Nonreferential	Same_head
T24	Bridging_restrictiveModifier	Quantified
T25	Measure_Nonreferential	uniq_Larger_situation
T26	Pronominal	Pronominal
T27	uniq_Larger_situation	uniq_Larger_situation
T28	Pronominal	Pronominal
T29	nonuniq_Hearer_new_spec	Bridging_restrictiveModifier
T30	nonuniq_Hearer_new_spec	Bridging_restrictiveModifier
T31	Pleonastic	Pronominal
T32	nonuniq_Hearer_new_spec	Quantified
T33	uniq_Larger_situation	uniq_Larger_situation
T34	uniq_Larger_situation	uniq_Larger_situation
T35	uniq_Larger_situation	uniq_Larger_situation
T36	Pronominal	Pronominal
T37	Generic_individualLevel	Part_of_noncompositionalMWE
T38	Other_Nonreferential	uniq_Larger_situation
T39	Bridging_restrictiveModifier	Bridging_restrictiveModifier
T40	Bridging_restrictiveModifier	Bridging_restrictiveModifier
T41	uniq_Larger_situation	uniq_Larger_situation
T42	uniq_Larger_situation	Measure_Nonreferential
T43	Quantified	Bridging_restrictiveModifier
T44	Bridging_restrictiveModifier	Bridging_restrictiveModifier
T45	Pronominal	Pronominal
T46	uniq_Larger_situation	uniq_Larger_situation
T47	nonuniq_Physical_copresence	Bridging_OtherContext
T49	Pronominal	Pronominal
T50	uniq_Larger_situation	uniq_Larger_situation
T51	Quantified	Quantified
T52	Pronominal	Pronominal
T53	Quantified	uniq_Larger_situation
T54	nonuniq_Physical_copresence	uniq_Larger_situation
T55	Measure_Nonreferential	nonuniq_Physical_copresence
T56	uniq_Larger_situation	uniq_Larger_situation
T57	uniq_Larger_situation	uniq_Larger_situation
T58	uniq_Larger_situation	uniq_Larger_situation
T59	Bridging_restrictiveModifier	Bridging_restrictiveModifier
T60	Part_of_noncompositionalMWE	uniq_Larger_situation
T62	nonuniq_Physical_copresence	Measure_Nonreferential
T63	Pronominal	Pronominal
T64	Pronominal	Pronominal
T65	Pronominal	Pronominal
T66	Pronominal	Pronominal
T67	Pronominal	Pronominal
T68	Quantified	uniq_Larger_situation
T69	Same_head	Quantified
T70	Same_head	Same_head
T71	Quantified	nonuniq_Hearer_new_spec
T72	Same_head	Measure_Nonreferential
T73	Same_head	uniq_Larger_situation
T74	uniq_Larger_situation	uniq_Larger_situation
T75	Bridging_restrictiveModifier	Bridging_restrictiveModifier
T76	Bridging_restrictiveModifier	Bridging_restrictiveModifier
T77	Bridging_restrictiveModifier	Quantified
T78	Measure_Nonreferential	Bridging_restrictiveModifier
T79	nonuniq_Larger_situation	Same_head
T80	Pronominal	Pronominal
T81	uniq_Larger_situation	uniq_Larger_situation
T82	Quantified	Bridging_OtherContext
T83	Pronominal	Pronominal
T84	Same_head	Same_head
T85	Measure_Nonreferential	Bridging_restrictiveModifier
T86	Pronominal	Pronominal
T87	uniq_Larger_situation	uniq_Larger_situation
T88	uniq_Larger_situation	uniq_Larger_situation
T89	uniq_Larger_situation	uniq_Larger_situation
T90	uniq_Larger_situation	uniq_Larger_situation
T91	uniq_Larger_situation	uniq_Larger_situation
T92	uniq_Larger_situation	uniq_Larger_situation
T93	uniq_Larger_situation	uniq_Larger_situation
T94	Quantified	Bridging_restrictiveModifier
T95	uniq_Larger_situation	uniq_Larger_situation
T96	Pronominal	Pronominal
T97	Quantified	Part_of_noncompositionalMWE
T98	Quantified	Generic_individualLevel
T99	uniq_Larger_situation	uniq_Larger_situation
T100	uniq_Larger_situation	uniq_Larger_situation
T101	uniq_Larger_situation	uniq_Larger_situation
T102	uniq_Larger_situation	uniq_Larger_situation
T103	Pronominal	Pronominal
T104	uniq_Larger_situation	uniq_Larger_situation
T105	uniq_Larger_situation	uniq_Larger_situation
T106	Pronominal	Pronominal
T107	Pronominal	Pronominal
T108	Pronominal	Pronominal
T109	Pronominal	Pronominal
T110	Pronominal	Pronominal
T111	Measure_Nonreferential	Measure_Nonreferential
T112	Pronominal	Pronominal
T113	Pleonastic	Pronominal
T114	Pronominal	Pronominal
T115	Pronominal	Pronominal
T116	Pronominal	Pronominal
T117	Pronominal	Pronominal
T118	Pronominal	Pronominal
T119	Bridging_OtherContext	Pleonastic
T120	Generic_individualLevel	Generic_individualLevel
T121	Bridging_restrictiveModifier	Bridging_restrictiveModifier
T122	Bridging_restrictiveModifier	Bridging_restrictiveModifier
T123	Measure_Nonreferential	Measure_Nonreferential
T124	Bridging_restrictiveModifier	Bridging_restrictiveModifier
T125	Quantified	Bridging_restrictiveModifier
T126	Part_of_noncompositionalMWE	Pleonastic
T127	Measure_Nonreferential	uniq_Larger_situation
T128	Bridging_restrictiveModifier	Bridging_restrictiveModifier
T129	nonuniq_Hearer_new_spec	Same_head
T130	Same_head	Bridging_OtherContext
T131	Bridging_OtherContext	Bridging_restrictiveModifier
T132	Generic_individualLevel	Pronominal
T133	Same_head	Measure_Nonreferential
T134	Same_head	Same_head
T136	Pronominal	Pronominal
T137	Bridging_restrictiveModifier	Bridging_restrictiveModifier
T138	Quantified	Bridging_restrictiveModifier
T139	Same_head	Same_head
T140	uniq_Larger_situation	nonuniq_Hearer_new_spec
T141	nonuniq_Larger_situation	nonuniq_Hearer_new_spec
T142	Bridging_restrictiveModifier	uniq_Larger_situation
T143	Bridging_restrictiveModifier	Bridging_restrictiveModifier
T144	Bridging_restrictiveModifier	Bridging_restrictiveModifier
T145	nonuniq_Hearer_new_spec	uniq_Larger_situation
T146	Other_Nonreferential	Pronominal
T147	nonuniq_Hearer_new_spec	Bridging_restrictiveModifier
T148	Bridging_restrictiveModifier	Bridging_restrictiveModifier
T150	Quantified	Bridging_restrictiveModifier
T151	uniq_Larger_situation	uniq_Larger_situation
T152	Bridging_restrictiveModifier	Bridging_restrictiveModifier
T153	Part_of_noncompositionalMWE	Generic_individualLevel
T154	Generic_individualLevel	Pronominal
T155	Bridging_restrictiveModifier	Bridging_restrictiveModifier
T156	Part_of_noncompositionalMWE	Same_head
T157	nonuniq_Larger_situation	Generic_individualLevel
T158	Generic_individualLevel	Bridging_restrictiveModifier
T159	Generic_individualLevel	Pronominal
T160	Same_head	Same_head
T161	Pronominal	Pronominal
T162	Bridging_restrictiveModifier	Generic_individualLevel
T163	nonuniq_Larger_situation	Quantified
T164	Same_head	Same_head
T165	Part_of_noncompositionalMWE	uniq_Larger_situation
T166	Quantified	Quantified
T167	Bridging_restrictiveModifier	Part_of_noncompositionalMWE
T169	Measure_Nonreferential	nonuniq_Physical_copresence
T170	Bridging_OtherContext	uniq_Larger_situation
T171	uniq_Larger_situation	Quantified
T172	Same_head	Bridging_restrictiveModifier
T173	nonuniq_Hearer_new_spec	uniq_Larger_situation
