T1	Pronominal	Pronominal
T2	Pronominal	Pronominal
T3	Pronominal	Pronominal
T4	Pronominal	Pronominal
T5	Pronominal	Pronominal
T6	nonuniq_Hearer_new_spec	nonuniq_Hearer_new_spec
T7	Pronominal	Pronominal
T8	Pronominal	Pronominal
T9	Pronominal	Pronominal
T10	Pronominal	Pronominal
T11	Pronominal	Pronominal
T12	nonuniq_Hearer_new_spec	nonuniq_Hearer_new_spec
T13	Pronominal	Pronominal
T14	Quantified	nonuniq_Hearer_new_spec
T15	Pronominal	Pronominal
T16	Pronominal	Pronominal
T17	nonuniq_Larger_situation	nonuniq_Hearer_new_spec
T18	uniq_Hearer_new	Same_head
T19	Pronominal	Pronominal
T20	uniq_Larger_situation	Same_head
T21	Bridging_restrictiveModifier	Bridging_restrictiveModifier
T22	Pronominal	Pronominal
T23	Bridging_restrictiveModifier	Bridging_restrictiveModifier
T24	Pronominal	Pronominal
T25	Pronominal	Pronominal
T26	nonuniq_Hearer_new_spec	nonuniq_Hearer_new_spec
T27	Pronominal	Pronominal
T28	Bridging_restrictiveModifier	Bridging_restrictiveModifier
T29	Pronominal	Pronominal
T30	Pronominal	Pronominal
T31	Pronominal	Pronominal
T32	Bridging_restrictiveModifier	Bridging_restrictiveModifier
T33	uniq_Hearer_new	Same_head
T34	Pronominal	Pronominal
T35	Same_head	nonuniq_Hearer_new_spec
T36	Bridging_restrictiveModifier	Bridging_restrictiveModifier
T37	Pronominal	Pronominal
T38	Bridging_restrictiveModifier	Bridging_restrictiveModifier
T39	Pronominal	Pronominal
T40	Bridging_nominal	Bridging_nominal
T41	Bridging_restrictiveModifier	Bridging_restrictiveModifier
T42	nonuniq_Hearer_new_spec	nonuniq_Hearer_new_spec
T43	Pronominal	Pronominal
T44	Pronominal	Pronominal
T45	Pronominal	Pronominal
T46	Same_head	Same_head
T47	Bridging_nominal	Bridging_nominal
T48	Pronominal	Pronominal
T49	Pronominal	Pronominal
T50	Pronominal	Pronominal
T51	nonuniq_Hearer_new_spec	Bridging_nominal
T52	Predicative_Nonidentity	Bridging_restrictiveModifier
T53	Pronominal	Pronominal
T54	Pronominal	Pronominal
T55	Bridging_nominal	Bridging_nominal
T56	Pronominal	Pronominal
T57	Bridging_restrictiveModifier	Same_head
T58	Pronominal	Pronominal
T59	Pronominal	Pronominal
T60	Pronominal	Pronominal
T61	Pronominal	Pronominal
T62	Bridging_event	Part_of_noncompositionalMWE
T63	Pronominal	Pronominal
T64	Pronominal	Pronominal
T65	Same_head	Same_head
T66	Pronominal	Pronominal
T67	Pronominal	Pronominal
T68	nonuniq_Hearer_new_spec	Bridging_nominal
T69	Pronominal	Pronominal
T70	Same_head	Bridging_restrictiveModifier
T71	Bridging_restrictiveModifier	Bridging_restrictiveModifier
T72	Bridging_restrictiveModifier	Bridging_restrictiveModifier
T73	Pleonastic	Pronominal
T74	Pronominal	Pronominal
T75	Bridging_restrictiveModifier	Bridging_restrictiveModifier
T76	Pronominal	Pronominal
T77	Pronominal	Pronominal
T78	Pronominal	Pronominal
T79	Pronominal	Pronominal
T80	nonuniq_Hearer_new_spec	Same_head
T81	Pronominal	Pronominal
T82	Pronominal	Pronominal
T83	Bridging_restrictiveModifier	Bridging_restrictiveModifier
T84	Pronominal	Pronominal
T85	Same_head	Same_head
T86	Bridging_restrictiveModifier	Bridging_restrictiveModifier
T87	Pronominal	Pronominal
T88	Pronominal	Pronominal
T89	Pronominal	Pronominal
T90	Pronominal	Pronominal
T91	Bridging_restrictiveModifier	Bridging_restrictiveModifier
T92	Pronominal	Pronominal
T93	Pronominal	Pronominal
T94	Pronominal	Pronominal
T95	Part_of_noncompositionalMWE	Pronominal
T96	Pronominal	Pronominal
T97	Pronominal	Pronominal
T98	Same_head	Bridging_nominal
T99	Pronominal	Pronominal
T100	Quantified	Part_of_noncompositionalMWE
T101	Pronominal	Pronominal
T102	nonuniq_Hearer_new_spec	nonuniq_Hearer_new_spec
T103	Same_head	Same_head
T104	Same_head	Same_head
T105	Part_of_noncompositionalMWE	Measure_Nonreferential
T106	Pronominal	Pronominal
T107	Pronominal	Pronominal
T108	Pronominal	Pronominal
T109	Pronominal	Pronominal
T110	Pronominal	Pronominal
T111	Measure_Nonreferential	nonuniq_Hearer_new_spec
T112	nonuniq_Hearer_new_spec	Bridging_restrictiveModifier
T113	Other_Nonreferential	Pronominal
T114	Part_of_noncompositionalMWE	Same_head
T115	Part_of_noncompositionalMWE	Pronominal
T116	Part_of_noncompositionalMWE	Bridging_restrictiveModifier
T117	Other_Nonreferential	Pronominal
T118	Part_of_noncompositionalMWE	Part_of_noncompositionalMWE
T119	Quantified	Quantified
T120	Part_of_noncompositionalMWE	nonuniq_Hearer_new_spec
T121	Quantified	Pronominal
T122	Bridging_nominal	Bridging_nominal
T123	Pronominal	Pronominal
T124	Same_head	Same_head
T125	Pronominal	Pronominal
T126	Pronominal	Pronominal
T127	Quantified	Quantified
T128	Pronominal	Pronominal
T129	Pronominal	Pronominal
T130	Pronominal	Pronominal
T131	Pronominal	Pronominal
T132	uniq_Larger_situation	Part_of_noncompositionalMWE
T133	Pronominal	Pronominal
T134	Pronominal	Pronominal
T135	Bridging_restrictiveModifier	Bridging_restrictiveModifier
T136	Bridging_restrictiveModifier	Bridging_restrictiveModifier
T137	Pronominal	Pronominal
T138	Quantified	Quantified
T139	Pronominal	Pronominal
T140	Pronominal	Pronominal
T141	Measure_Nonreferential	nonuniq_Hearer_new_spec
T142	Same_head	nonuniq_Hearer_new_spec
T143	Pronominal	Pronominal
T144	Bridging_restrictiveModifier	Same_head
T145	Same_head	Same_head
T146	Measure_Nonreferential	Quantified
T147	Pronominal	Pronominal
T148	Part_of_noncompositionalMWE	Measure_Nonreferential
T149	Pronominal	Pronominal
T150	Same_head	Same_head
T151	Bridging_restrictiveModifier	Bridging_restrictiveModifier
T152	Pronominal	Pronominal
T153	Same_head	Bridging_restrictiveModifier
T154	Bridging_nominal	Bridging_nominal
T155	Same_head	Same_head
T156	Same_head	Same_head
T157	Bridging_restrictiveModifier	Bridging_restrictiveModifier
T158	Quantified	nonuniq_Hearer_new_spec
T159	Same_head	Same_head
T160	Pronominal	Pronominal
T161	Same_head	Same_head
T162	Same_head	Bridging_restrictiveModifier
T163	Bridging_nominal	Bridging_nominal
T164	Quantified	Pronominal
T165	Other_Nonreferential	Quantified
T166	Pronominal	Pronominal
T167	Same_head	Same_head
T168	Bridging_restrictiveModifier	Bridging_restrictiveModifier
T169	Pronominal	Pronominal
T170	Bridging_restrictiveModifier	Bridging_restrictiveModifier
T171	Same_head	Same_head
T172	Same_head	Same_head
T173	Measure_Nonreferential	Same_head
T174	Same_head	Same_head
T175	Pronominal	Pronominal
T176	Pronominal	Pronominal
T177	Same_head	Bridging_restrictiveModifier
T178	Pronominal	Pronominal
T179	Same_head	Bridging_restrictiveModifier
T180	Bridging_restrictiveModifier	Bridging_restrictiveModifier
T181	uniq_Hearer_new	Quantified
T182	Quantified	Quantified
T183	Pronominal	Pronominal
T184	Quantified	Quantified
